#
# A fatal error has been detected by the Java Runtime Environment:
#
#  Internal Error (javaCalls.cpp:53), pid=4812, tid=3644
#  guarantee(!thread->is_Compiler_thread()) failed: cannot make java calls from the compiler
#
# JRE version: Java(TM) SE Runtime Environment (8.0_66-b18) (build 1.8.0_66-b18)
# Java VM: Java HotSpot(TM) 64-Bit Server VM (25.66-b18 mixed mode windows-amd64 compressed oops)
# Failed to write core dump. Minidumps are not enabled by default on client versions of Windows
#
# If you would like to submit a bug report, please visit:
#   http://bugreport.java.com/bugreport/crash.jsp
#

---------------  T H R E A D  ---------------

Current thread (0x0000000056152800):  JavaThread "C1 CompilerThread1" daemon [_thread_in_vm, id=3644, stack(0x0000000056e10000,0x0000000056f10000)]

Stack: [0x0000000056e10000,0x0000000056f10000]
[error occurred during error reporting (printing stack bounds), id 0xc0000005]

Native frames: (J=compiled Java code, j=interpreted, Vv=VM code, C=native code)


Current CompileTask:
C1:   6991 1887       3       com.sun.prism.d3d.D3DShader::setConstant (48 bytes)


---------------  P R O C E S S  ---------------

Java Threads: ( => current thread )
  0x000000005759b800 JavaThread "Media Resource Disposer" daemon [_thread_blocked, id=4240, stack(0x000000005e040000,0x000000005e140000)]
  0x000000005759d800 JavaThread "Abandoned connection cleanup thread" daemon [_thread_blocked, id=5972, stack(0x000000005d570000,0x000000005d670000)]
  0x0000000057599000 JavaThread "JFXMedia Player EventQueueThread" daemon [_thread_blocked, id=4276, stack(0x000000005c900000,0x000000005ca00000)]
  0x0000000057407000 JavaThread "Prism Font Disposer" daemon [_thread_blocked, id=3416, stack(0x000000005bde0000,0x000000005bee0000)]
  0x0000000057299000 JavaThread "JavaFX-Launcher" [_thread_blocked, id=5620, stack(0x0000000059c50000,0x0000000059d50000)]
  0x000000005728d800 JavaThread "Thread-7" daemon [_thread_in_native, id=4440, stack(0x0000000059a00000,0x0000000059b00000)]
  0x0000000057224000 JavaThread "JavaFX Application Thread" [_thread_blocked, id=4132, stack(0x0000000057fe0000,0x00000000580e0000)]
  0x000000005721d000 JavaThread "Thread-6" daemon [_thread_blocked, id=4164, stack(0x0000000057de0000,0x0000000057ee0000)]
  0x00000000571fa800 JavaThread "QuantumRenderer-0" daemon [_thread_in_native, id=5956, stack(0x0000000057ab0000,0x0000000057bb0000)]
  0x00000000561b7800 JavaThread "Service Thread" daemon [_thread_blocked, id=4956, stack(0x0000000056f80000,0x0000000057080000)]
=>0x0000000056152800 JavaThread "C1 CompilerThread1" daemon [_thread_in_vm, id=3644, stack(0x0000000056e10000,0x0000000056f10000)]
  0x0000000056152000 JavaThread "C2 CompilerThread0" daemon [_thread_blocked, id=5096, stack(0x0000000056be0000,0x0000000056ce0000)]
  0x000000005494d000 JavaThread "*** Profiler Agent Special Execution Thread 6" daemon [_thread_blocked, id=372, stack(0x0000000055b70000,0x0000000055c70000)]
  0x0000000056073000 JavaThread "*** JFluid Monitor thread ***" daemon [_thread_blocked, id=4360, stack(0x0000000055e00000,0x0000000055f00000)]
  0x0000000054936000 JavaThread "*** Profiler Agent Communication Thread" daemon [_thread_in_native, id=5768, stack(0x0000000055cb0000,0x0000000055db0000)]
  0x00000000548ea800 JavaThread "Attach Listener" daemon [_thread_blocked, id=5852, stack(0x00000000556d0000,0x00000000557d0000)]
  0x00000000548e9000 JavaThread "Signal Dispatcher" daemon [_thread_blocked, id=3828, stack(0x0000000055810000,0x0000000055910000)]
  0x000000005488e000 JavaThread "Finalizer" daemon [_thread_blocked, id=6016, stack(0x0000000055440000,0x0000000055540000)]
  0x000000005488a800 JavaThread "Reference Handler" daemon [_thread_blocked, id=1696, stack(0x0000000055580000,0x0000000055680000)]
  0x000000000047f800 JavaThread "main" [_thread_blocked, id=2220, stack(0x00000000020e0000,0x00000000021e0000)]

Other Threads:
  0x000000005487d800 VMThread [stack: 0x00000000552b0000,0x00000000553b0000] [id=2880]
  0x000000005620f800 WatcherThread [stack: 0x00000000570b0000,0x00000000571b0000] [id=5016]

VM state:not at safepoint (normal execution)

VM Mutex/Monitor currently owned by a thread:  ([mutex/lock_event])
[0x000000000047e510] MethodData_lock - owner thread: 0x0000000056152800

Heap:
 PSYoungGen      total 35328K, used 430K [0x00000000eb380000, 0x00000000ed880000, 0x0000000100000000)
  eden space 32768K, 1% used [0x00000000eb380000,0x00000000eb3ebb40,0x00000000ed380000)
  from space 2560K, 0% used [0x00000000ed600000,0x00000000ed600000,0x00000000ed880000)
  to   space 2560K, 0% used [0x00000000ed380000,0x00000000ed380000,0x00000000ed600000)
 ParOldGen       total 46592K, used 13152K [0x00000000c1a00000, 0x00000000c4780000, 0x00000000eb380000)
  object space 46592K, 28% used [0x00000000c1a00000,0x00000000c26d8300,0x00000000c4780000)
 Metaspace       used 20628K, capacity 21330K, committed 21376K, reserved 1067008K
  class space    used 2747K, capacity 2928K, committed 2944K, reserved 1048576K

Card table byte_map: [0x0000000011870000,0x0000000011a70000] byte_map_base: 0x0000000011263000

Marking Bits: (ParMarkBitMap*) 0x000000006cd7a5b0
 Begin Bits: [0x0000000011e20000, 0x0000000012db8000)
 End Bits:   [0x0000000012db8000, 0x0000000013d50000)

Polling page: 0x0000000000410000

CodeCache: size=245760Kb used=5587Kb max_used=5601Kb free=240172Kb
 bounds [0x00000000024b0000, 0x0000000002a30000, 0x00000000114b0000]
 total_blobs=2660 nmethods=1890 adapters=683
 compilation: enabled

Compilation events (10 events):
Event: 6.802 Thread 0x0000000056152800 nmethod 1889 0x0000000002a27590 code [0x0000000002a276e0, 0x0000000002a27850]
Event: 6.802 Thread 0x0000000056152800 1890       3       com.sun.prism.paint.Color::getRedPremult (10 bytes)
Event: 6.802 Thread 0x0000000056152800 nmethod 1890 0x0000000002a27250 code [0x0000000002a273a0, 0x0000000002a27510]
Event: 6.802 Thread 0x0000000056152800 1885       3       sun.net.www.protocol.jar.JarURLConnection::getUseCaches (8 bytes)
Event: 6.802 Thread 0x0000000056152800 nmethod 1885 0x0000000002a26e10 code [0x0000000002a26f80, 0x0000000002a271a8]
Event: 6.802 Thread 0x0000000056152800 1887       3       com.sun.prism.d3d.D3DShader::setConstant (48 bytes)
Event: 6.802 Thread 0x0000000056152000 1886       4       sun.net.www.ParseUtil::encodePath (336 bytes)
Event: 6.970 Thread 0x0000000056152000 nmethod 1886 0x0000000002a2a610 code [0x0000000002a2a7a0, 0x0000000002a2b5b8]
Event: 6.972 Thread 0x0000000056152000 1894       4       java.nio.Buffer::nextPutIndex (31 bytes)
Event: 6.972 Thread 0x0000000056152000 nmethod 1894 0x0000000002a25410 code [0x0000000002a25540, 0x0000000002a255b8]

GC Heap History (10 events):
Event: 2.711 GC heap before
{Heap before GC invocations=1 (full 0):
 PSYoungGen      total 18944K, used 16384K [0x00000000eb380000, 0x00000000ec880000, 0x0000000100000000)
  eden space 16384K, 100% used [0x00000000eb380000,0x00000000ec380000,0x00000000ec380000)
  from space 2560K, 0% used [0x00000000ec600000,0x00000000ec600000,0x00000000ec880000)
  to   space 2560K, 0% used [0x00000000ec380000,0x00000000ec380000,0x00000000ec600000)
 ParOldGen       total 44032K, used 0K [0x00000000c1a00000, 0x00000000c4500000, 0x00000000eb380000)
  object space 44032K, 0% used [0x00000000c1a00000,0x00000000c1a00000,0x00000000c4500000)
 Metaspace       used 10991K, capacity 11312K, committed 11520K, reserved 1058816K
  class space    used 1375K, capacity 1464K, committed 1536K, reserved 1048576K
Event: 2.730 GC heap after
Heap after GC invocations=1 (full 0):
 PSYoungGen      total 18944K, used 2528K [0x00000000eb380000, 0x00000000ec880000, 0x0000000100000000)
  eden space 16384K, 0% used [0x00000000eb380000,0x00000000eb380000,0x00000000ec380000)
  from space 2560K, 98% used [0x00000000ec380000,0x00000000ec5f8040,0x00000000ec600000)
  to   space 2560K, 0% used [0x00000000ec600000,0x00000000ec600000,0x00000000ec880000)
 ParOldGen       total 44032K, used 1390K [0x00000000c1a00000, 0x00000000c4500000, 0x00000000eb380000)
  object space 44032K, 3% used [0x00000000c1a00000,0x00000000c1b5bac0,0x00000000c4500000)
 Metaspace       used 10991K, capacity 11312K, committed 11520K, reserved 1058816K
  class space    used 1375K, capacity 1464K, committed 1536K, reserved 1048576K
}
Event: 3.427 GC heap before
{Heap before GC invocations=2 (full 0):
 PSYoungGen      total 18944K, used 18912K [0x00000000eb380000, 0x00000000ec880000, 0x0000000100000000)
  eden space 16384K, 100% used [0x00000000eb380000,0x00000000ec380000,0x00000000ec380000)
  from space 2560K, 98% used [0x00000000ec380000,0x00000000ec5f8040,0x00000000ec600000)
  to   space 2560K, 0% used [0x00000000ec600000,0x00000000ec600000,0x00000000ec880000)
 ParOldGen       total 44032K, used 1390K [0x00000000c1a00000, 0x00000000c4500000, 0x00000000eb380000)
  object space 44032K, 3% used [0x00000000c1a00000,0x00000000c1b5bac0,0x00000000c4500000)
 Metaspace       used 16255K, capacity 16888K, committed 17152K, reserved 1064960K
  class space    used 2289K, capacity 2499K, committed 2560K, reserved 1048576K
Event: 3.439 GC heap after
Heap after GC invocations=2 (full 0):
 PSYoungGen      total 18944K, used 2528K [0x00000000eb380000, 0x00000000ed880000, 0x0000000100000000)
  eden space 16384K, 0% used [0x00000000eb380000,0x00000000eb380000,0x00000000ec380000)
  from space 2560K, 98% used [0x00000000ec600000,0x00000000ec878020,0x00000000ec880000)
  to   space 2560K, 0% used [0x00000000ec380000,0x00000000ec380000,0x00000000ec600000)
 ParOldGen       total 44032K, used 4835K [0x00000000c1a00000, 0x00000000c4500000, 0x00000000eb380000)
  object space 44032K, 10% used [0x00000000c1a00000,0x00000000c1eb8da8,0x00000000c4500000)
 Metaspace       used 16255K, capacity 16888K, committed 17152K, reserved 1064960K
  class space    used 2289K, capacity 2499K, committed 2560K, reserved 1048576K
}
Event: 4.358 GC heap before
{Heap before GC invocations=3 (full 0):
 PSYoungGen      total 18944K, used 18871K [0x00000000eb380000, 0x00000000ed880000, 0x0000000100000000)
  eden space 16384K, 99% used [0x00000000eb380000,0x00000000ec375d90,0x00000000ec380000)
  from space 2560K, 98% used [0x00000000ec600000,0x00000000ec878020,0x00000000ec880000)
  to   space 2560K, 0% used [0x00000000ec380000,0x00000000ec380000,0x00000000ec600000)
 ParOldGen       total 44032K, used 4835K [0x00000000c1a00000, 0x00000000c4500000, 0x00000000eb380000)
  object space 44032K, 10% used [0x00000000c1a00000,0x00000000c1eb8da8,0x00000000c4500000)
 Metaspace       used 20172K, capacity 20816K, committed 21120K, reserved 1067008K
  class space    used 2719K, capacity 2891K, committed 2944K, reserved 1048576K
Event: 4.372 GC heap after
Heap after GC invocations=3 (full 0):
 PSYoungGen      total 18944K, used 2556K [0x00000000eb380000, 0x00000000ed880000, 0x0000000100000000)
  eden space 16384K, 0% used [0x00000000eb380000,0x00000000eb380000,0x00000000ec380000)
  from space 2560K, 99% used [0x00000000ec380000,0x00000000ec5ff330,0x00000000ec600000)
  to   space 2560K, 0% used [0x00000000ed600000,0x00000000ed600000,0x00000000ed880000)
 ParOldGen       total 44032K, used 10254K [0x00000000c1a00000, 0x00000000c4500000, 0x00000000eb380000)
  object space 44032K, 23% used [0x00000000c1a00000,0x00000000c2403a78,0x00000000c4500000)
 Metaspace       used 20172K, capacity 20816K, committed 21120K, reserved 1067008K
  class space    used 2719K, capacity 2891K, committed 2944K, reserved 1048576K
}
Event: 6.813 GC heap before
{Heap before GC invocations=4 (full 0):
 PSYoungGen      total 18944K, used 6026K [0x00000000eb380000, 0x00000000ed880000, 0x0000000100000000)
  eden space 16384K, 21% used [0x00000000eb380000,0x00000000eb6e35b8,0x00000000ec380000)
  from space 2560K, 99% used [0x00000000ec380000,0x00000000ec5ff330,0x00000000ec600000)
  to   space 2560K, 0% used [0x00000000ed600000,0x00000000ed600000,0x00000000ed880000)
 ParOldGen       total 44032K, used 10254K [0x00000000c1a00000, 0x00000000c4500000, 0x00000000eb380000)
  object space 44032K, 23% used [0x00000000c1a00000,0x00000000c2403a78,0x00000000c4500000)
 Metaspace       used 20600K, capacity 21264K, committed 21296K, reserved 1067008K
  class space    used 2739K, capacity 2927K, committed 2944K, reserved 1048576K
Event: 6.838 GC heap after
Heap after GC invocations=4 (full 0):
 PSYoungGen      total 35328K, used 2540K [0x00000000eb380000, 0x00000000ed880000, 0x0000000100000000)
  eden space 32768K, 0% used [0x00000000eb380000,0x00000000eb380000,0x00000000ed380000)
  from space 2560K, 99% used [0x00000000ed600000,0x00000000ed87b300,0x00000000ed880000)
  to   space 2560K, 0% used [0x00000000ed380000,0x00000000ed380000,0x00000000ed600000)
 ParOldGen       total 44032K, used 11137K [0x00000000c1a00000, 0x00000000c4500000, 0x00000000eb380000)
  object space 44032K, 25% used [0x00000000c1a00000,0x00000000c24e07a8,0x00000000c4500000)
 Metaspace       used 20600K, capacity 21264K, committed 21296K, reserved 1067008K
  class space    used 2739K, capacity 2927K, committed 2944K, reserved 1048576K
}
Event: 6.838 GC heap before
{Heap before GC invocations=5 (full 1):
 PSYoungGen      total 35328K, used 2540K [0x00000000eb380000, 0x00000000ed880000, 0x0000000100000000)
  eden space 32768K, 0% used [0x00000000eb380000,0x00000000eb380000,0x00000000ed380000)
  from space 2560K, 99% used [0x00000000ed600000,0x00000000ed87b300,0x00000000ed880000)
  to   space 2560K, 0% used [0x00000000ed380000,0x00000000ed380000,0x00000000ed600000)
 ParOldGen       total 44032K, used 11137K [0x00000000c1a00000, 0x00000000c4500000, 0x00000000eb380000)
  object space 44032K, 25% used [0x00000000c1a00000,0x00000000c24e07a8,0x00000000c4500000)
 Metaspace       used 20600K, capacity 21264K, committed 21296K, reserved 1067008K
  class space    used 2739K, capacity 2927K, committed 2944K, reserved 1048576K
Event: 6.964 GC heap after
Heap after GC invocations=5 (full 1):
 PSYoungGen      total 35328K, used 0K [0x00000000eb380000, 0x00000000ed880000, 0x0000000100000000)
  eden space 32768K, 0% used [0x00000000eb380000,0x00000000eb380000,0x00000000ed380000)
  from space 2560K, 0% used [0x00000000ed600000,0x00000000ed600000,0x00000000ed880000)
  to   space 2560K, 0% used [0x00000000ed380000,0x00000000ed380000,0x00000000ed600000)
 ParOldGen       total 46592K, used 13152K [0x00000000c1a00000, 0x00000000c4780000, 0x00000000eb380000)
  object space 46592K, 28% used [0x00000000c1a00000,0x00000000c26d8300,0x00000000c4780000)
 Metaspace       used 20600K, capacity 21264K, committed 21296K, reserved 1067008K
  class space    used 2739K, capacity 2927K, committed 2944K, reserved 1048576K
}

Deoptimization events (10 events):
Event: 3.541 Thread 0x0000000057224000 Uncommon trap: reason=class_check action=maybe_recompile pc=0x00000000027e5f54 method=java.io.DataInputStream.readChar()C @ 4
Event: 3.541 Thread 0x0000000057224000 Uncommon trap: reason=class_check action=maybe_recompile pc=0x00000000027e5f54 method=java.io.DataInputStream.readChar()C @ 4
Event: 3.550 Thread 0x0000000057224000 Uncommon trap: reason=bimorphic action=maybe_recompile pc=0x00000000027e3788 method=java.io.DataInputStream.readChar()C @ 4
Event: 3.550 Thread 0x0000000057224000 Uncommon trap: reason=bimorphic action=maybe_recompile pc=0x00000000027e3788 method=java.io.DataInputStream.readChar()C @ 4
Event: 3.550 Thread 0x0000000057224000 Uncommon trap: reason=bimorphic action=maybe_recompile pc=0x00000000027e3788 method=java.io.DataInputStream.readChar()C @ 4
Event: 3.550 Thread 0x0000000057224000 Uncommon trap: reason=bimorphic action=maybe_recompile pc=0x00000000027e3788 method=java.io.DataInputStream.readChar()C @ 4
Event: 3.560 Thread 0x0000000057224000 Uncommon trap: reason=unstable_if action=reinterpret pc=0x00000000026aa1cc method=java.lang.AbstractStringBuilder.append(Ljava/lang/String;)Ljava/lang/AbstractStringBuilder; @ 1
Event: 3.560 Thread 0x0000000057224000 Uncommon trap: reason=unstable_if action=reinterpret pc=0x000000000267f2fc method=java.lang.AbstractStringBuilder.append(Ljava/lang/String;)Ljava/lang/AbstractStringBuilder; @ 1
Event: 3.694 Thread 0x000000005759a000 Uncommon trap: reason=unstable_if action=reinterpret pc=0x00000000027e77c0 method=java.io.ByteArrayInputStream.read()I @ 8
Event: 3.746 Thread 0x0000000057224000 Uncommon trap: reason=unstable_if action=reinterpret pc=0x000000000282f574 method=java.lang.String$CaseInsensitiveComparator.compare(Ljava/lang/String;Ljava/lang/String;)I @ 70

Internal exceptions (10 events):
Event: 1.254 Thread 0x000000000047f800 Exception <a 'java/lang/ArrayIndexOutOfBoundsException': 22> (0x00000000eb668620) thrown at [C:\re\workspace\8-2-build-windows-amd64-cygwin\jdk8u66\5298\hotspot\src\share\vm\interpreter\interpreterRuntime.cpp, line 366]
Event: 1.254 Thread 0x000000000047f800 Exception <a 'java/lang/ArrayIndexOutOfBoundsException': 22> (0x00000000eb66ad80) thrown at [C:\re\workspace\8-2-build-windows-amd64-cygwin\jdk8u66\5298\hotspot\src\share\vm\interpreter\interpreterRuntime.cpp, line 366]
Event: 2.263 Thread 0x000000000047f800 Exception <a 'java/lang/NoSuchFieldError': method resolution failed> (0x00000000eba4c380) thrown at [C:\re\workspace\8-2-build-windows-amd64-cygwin\jdk8u66\5298\hotspot\src\share\vm\prims\methodHandles.cpp, line 1146]
Event: 2.269 Thread 0x000000000047f800 Exception <a 'java/lang/NoSuchFieldError': method resolution failed> (0x00000000eba596a0) thrown at [C:\re\workspace\8-2-build-windows-amd64-cygwin\jdk8u66\5298\hotspot\src\share\vm\prims\methodHandles.cpp, line 1146]
Event: 2.316 Thread 0x000000000047f800 Exception <a 'java/lang/NullPointerException'> (0x00000000ebad25f0) thrown at [C:\re\workspace\8-2-build-windows-amd64-cygwin\jdk8u66\5298\hotspot\src\share\vm\interpreter\linkResolver.cpp, line 1178]
Event: 2.637 Thread 0x0000000057224000 Exception <a 'java/lang/NullPointerException'> (0x00000000ec1c1fb8) thrown at [C:\re\workspace\8-2-build-windows-amd64-cygwin\jdk8u66\5298\hotspot\src\share\vm\interpreter\linkResolver.cpp, line 1178]
Event: 2.637 Thread 0x0000000057224000 Exception <a 'java/lang/NullPointerException'> (0x00000000ec1c1fb8) thrown at [C:\re\workspace\8-2-build-windows-amd64-cygwin\jdk8u66\5298\hotspot\src\share\vm\prims\jvm.cpp, line 1390]
Event: 2.893 Thread 0x0000000057224000 Implicit null exception at 0x00000000026f2665 to 0x00000000026f2839
Event: 3.560 Thread 0x0000000057224000 Implicit null exception at 0x00000000026a9e86 to 0x00000000026aa1b5
Event: 3.560 Thread 0x0000000057224000 Implicit null exception at 0x000000000267efc6 to 0x000000000267f2e5

Events (10 events):
Event: 6.973 loading class com/sun/javafx/font/directwrite/IWICImagingFactory
Event: 6.973 loading class com/sun/javafx/font/directwrite/IWICImagingFactory done
Event: 6.973 loading class com/sun/javafx/font/directwrite/IWICBitmap
Event: 6.973 loading class com/sun/javafx/font/directwrite/IWICBitmap done
Event: 6.974 loading class com/sun/javafx/font/directwrite/D2D1_RENDER_TARGET_PROPERTIES
Event: 6.974 loading class com/sun/javafx/font/directwrite/D2D1_RENDER_TARGET_PROPERTIES done
Event: 6.974 loading class com/sun/javafx/font/directwrite/D2D1_PIXEL_FORMAT
Event: 6.974 loading class com/sun/javafx/font/directwrite/D2D1_PIXEL_FORMAT done
Event: 6.974 loading class com/sun/javafx/font/directwrite/ID2D1Factory
Event: 6.974 loading class com/sun/javafx/font/directwrite/ID2D1Factory done


Dynamic libraries:
0x000000013f440000 - 0x000000013f477000 	C:\Program Files\Java\jdk1.8.0_66\jre\bin\java.exe
0x0000000077770000 - 0x0000000077919000 	C:\Windows\SYSTEM32\ntdll.dll
0x0000000077550000 - 0x000000007766f000 	C:\Windows\system32\kernel32.dll
0x000007fefd9a0000 - 0x000007fefda0c000 	C:\Windows\system32\KERNELBASE.dll
0x000007feff9a0000 - 0x000007feffa7b000 	C:\Windows\system32\ADVAPI32.dll
0x000007fefe680000 - 0x000007fefe71f000 	C:\Windows\system32\msvcrt.dll
0x000007feff6c0000 - 0x000007feff6df000 	C:\Windows\SYSTEM32\sechost.dll
0x000007fefe450000 - 0x000007fefe57d000 	C:\Windows\system32\RPCRT4.dll
0x0000000077670000 - 0x000000007776a000 	C:\Windows\system32\USER32.dll
0x000007fefe250000 - 0x000007fefe2b7000 	C:\Windows\system32\GDI32.dll
0x000007fefe720000 - 0x000007fefe72e000 	C:\Windows\system32\LPK.dll
0x000007fefe180000 - 0x000007fefe249000 	C:\Windows\system32\USP10.dll
0x000007fefbf00000 - 0x000007fefc0f4000 	C:\Windows\WinSxS\amd64_microsoft.windows.common-controls_6595b64144ccf1df_6.0.7601.17514_none_fa396087175ac9ac\COMCTL32.dll
0x000007fefe730000 - 0x000007fefe7a1000 	C:\Windows\system32\SHLWAPI.dll
0x000007fefe0b0000 - 0x000007fefe0de000 	C:\Windows\system32\IMM32.DLL
0x000007fefe340000 - 0x000007fefe449000 	C:\Windows\system32\MSCTF.dll
0x0000000071fc0000 - 0x0000000072092000 	C:\Program Files\Java\jdk1.8.0_66\jre\bin\msvcr100.dll
0x000000006c570000 - 0x000000006cdf9000 	C:\Program Files\Java\jdk1.8.0_66\jre\bin\server\jvm.dll
0x000007fef5d40000 - 0x000007fef5d49000 	C:\Windows\system32\WSOCK32.dll
0x000007fefe8e0000 - 0x000007fefe92d000 	C:\Windows\system32\WS2_32.dll
0x000007fefdec0000 - 0x000007fefdec8000 	C:\Windows\system32\NSI.dll
0x000007fefb640000 - 0x000007fefb67b000 	C:\Windows\system32\WINMM.dll
0x000007fefc820000 - 0x000007fefc82c000 	C:\Windows\system32\VERSION.dll
0x0000000077940000 - 0x0000000077947000 	C:\Windows\system32\PSAPI.DLL
0x0000000072ec0000 - 0x0000000072ecf000 	C:\Program Files\Java\jdk1.8.0_66\jre\bin\verify.dll
0x00000000724d0000 - 0x00000000724f9000 	C:\Program Files\Java\jdk1.8.0_66\jre\bin\java.dll
0x000007fef9110000 - 0x000007fef911f000 	C:\Program Files\NetBeans 8.1\profiler\lib\deployed\jdk16\windows-amd64\profilerinterface.dll
0x0000000072ea0000 - 0x0000000072eb6000 	C:\Program Files\Java\jdk1.8.0_66\jre\bin\zip.dll
0x000007fefe930000 - 0x000007feff6b8000 	C:\Windows\system32\SHELL32.dll
0x000007fefdb30000 - 0x000007fefdd33000 	C:\Windows\system32\ole32.dll
0x000007fefd6c0000 - 0x000007fefd6cf000 	C:\Windows\system32\profapi.dll
0x00000000724b0000 - 0x00000000724ca000 	C:\Program Files\Java\jdk1.8.0_66\jre\bin\net.dll
0x000007fefcef0000 - 0x000007fefcf45000 	C:\Windows\system32\mswsock.dll
0x000007fefcee0000 - 0x000007fefcee7000 	C:\Windows\System32\wship6.dll
0x000000006cec0000 - 0x000000006cecd000 	C:\Program Files\Java\jdk1.8.0_66\jre\bin\management.dll
0x0000000072160000 - 0x0000000072171000 	C:\Program Files\Java\jdk1.8.0_66\jre\bin\nio.dll
0x000007fefcf50000 - 0x000007fefcf67000 	C:\Windows\system32\CRYPTSP.dll
0x000007fefcc50000 - 0x000007fefcc97000 	C:\Windows\system32\rsaenh.dll
0x000007fefca00000 - 0x000007fefca1e000 	C:\Windows\system32\USERENV.dll
0x000007fefd5f0000 - 0x000007fefd5ff000 	C:\Windows\system32\CRYPTBASE.dll
0x000007fefaf40000 - 0x000007fefaf67000 	C:\Windows\system32\IPHLPAPI.DLL
0x000007fefaf30000 - 0x000007fefaf3b000 	C:\Windows\system32\WINNSI.DLL
0x000007fefad30000 - 0x000007fefad41000 	C:\Windows\system32\dhcpcsvc6.DLL
0x000007fefac10000 - 0x000007fefac28000 	C:\Windows\system32\dhcpcsvc.DLL
0x000007fef35c0000 - 0x000007fef36af000 	C:\Program Files\Java\jdk1.8.0_66\jre\bin\msvcr120.dll
0x000007fef2de0000 - 0x000007fef2e86000 	C:\Program Files\Java\jdk1.8.0_66\jre\bin\msvcp120.dll
0x0000000061680000 - 0x00000000616a3000 	C:\Program Files\Java\jdk1.8.0_66\jre\bin\prism_d3d.dll
0x000007fef2be0000 - 0x000007fef2ddf000 	C:\Windows\system32\d3d9.dll
0x000007fef9150000 - 0x000007fef9157000 	C:\Windows\system32\d3d8thk.dll
0x000007fefb490000 - 0x000007fefb4a8000 	C:\Windows\system32\dwmapi.dll
0x000007fefbb70000 - 0x000007fefbbc6000 	C:\Windows\system32\uxtheme.dll
0x000007feee560000 - 0x000007feef0f8000 	C:\Windows\system32\igdumdim64.dll
0x000007fef7f50000 - 0x000007fef8390000 	C:\Windows\system32\igdusc64.dll
0x0000000061630000 - 0x0000000061673000 	C:\Program Files\Java\jdk1.8.0_66\jre\bin\glass.dll
0x000007fefe0e0000 - 0x000007fefe177000 	C:\Windows\system32\COMDLG32.dll
0x000007fefe580000 - 0x000007fefe657000 	C:\Windows\system32\OLEAUT32.dll
0x0000000061610000 - 0x0000000061624000 	C:\Program Files\Java\jdk1.8.0_66\jre\bin\javafx_font.dll
0x000007fef2a60000 - 0x000007fef2bde000 	C:\Windows\system32\dwrite.dll
0x000007fefda90000 - 0x000007fefdb29000 	C:\Windows\system32\CLBCatQ.DLL
0x000007fefb320000 - 0x000007fefb44a000 	C:\Windows\system32\WindowsCodecs.dll
0x000007fefd550000 - 0x000007fefd5a7000 	C:\Windows\system32\apphelp.dll
0x000007fef4120000 - 0x000007fef415e000 	C:\Program Files (x86)\Dropbox\Client\DropboxExt64.34.dll
0x000007fef7c70000 - 0x000007fef7ca5000 	C:\Windows\system32\EhStorShell.dll
0x000007fefded0000 - 0x000007fefe0a7000 	C:\Windows\system32\SETUPAPI.dll
0x000007fefda10000 - 0x000007fefda46000 	C:\Windows\system32\CFGMGR32.dll
0x000007fefd8e0000 - 0x000007fefd8fa000 	C:\Windows\system32\DEVOBJ.dll
0x000007fefc100000 - 0x000007fefc22c000 	C:\Windows\system32\PROPSYS.dll
0x000007fef7bf0000 - 0x000007fef7c6e000 	C:\Windows\System32\cscui.dll
0x000007fef7d00000 - 0x000007fef7d0c000 	C:\Windows\System32\CSCDLL.dll
0x000007fef7be0000 - 0x000007fef7bef000 	C:\Windows\system32\CSCAPI.dll
0x000007fef7b60000 - 0x000007fef7be0000 	C:\Windows\system32\ntshrui.dll
0x000007fefd2b0000 - 0x000007fefd2d3000 	C:\Windows\system32\srvcli.dll
0x000007fefb760000 - 0x000007fefb76b000 	C:\Windows\system32\slc.dll
0x000007fef9060000 - 0x000007fef908d000 	C:\Program Files\Common Files\Microsoft Shared\Ink\rtscom.dll
0x00000000615e0000 - 0x0000000061603000 	C:\Program Files\Java\jdk1.8.0_66\jre\bin\javafx_iio.dll
0x00000000615c0000 - 0x00000000615d1000 	C:\Program Files\Java\jdk1.8.0_66\jre\bin\prism_common.dll
0x0000000061540000 - 0x00000000615b2000 	C:\Program Files\Java\jdk1.8.0_66\jre\bin\glib-lite.dll
0x00000000614a0000 - 0x000000006153c000 	C:\Program Files\Java\jdk1.8.0_66\jre\bin\gstreamer-lite.dll
0x000007fef5f10000 - 0x000007fef5f98000 	C:\Windows\system32\DSOUND.dll
0x000007fefc280000 - 0x000007fefc2ac000 	C:\Windows\system32\POWRPROF.dll
0x0000000060de0000 - 0x0000000060e04000 	C:\Program Files\Java\jdk1.8.0_66\jre\bin\jfxmedia.dll
0x000007fefd520000 - 0x000007fefd545000 	C:\Windows\system32\SspiCli.dll
0x0000000060db0000 - 0x0000000060de0000 	C:\Program Files\Java\jdk1.8.0_66\jre\bin\fxplugins.dll
0x000007fefc230000 - 0x000007fefc27b000 	C:\Windows\System32\MMDevApi.dll
0x000007fef3b80000 - 0x000007fef3bc1000 	C:\Windows\system32\qasf.dll
0x000007fefc5c0000 - 0x000007fefc5cd000 	C:\Windows\system32\msdmo.dll
0x000007fef9040000 - 0x000007fef905c000 	C:\Windows\System32\mp3dmod.dll
0x000007fef3740000 - 0x000007fef37ac000 	C:\Windows\system32\mfplat.DLL
0x000007fefc2b0000 - 0x000007fefc2b9000 	C:\Windows\system32\AVRT.dll
0x000007fef28a0000 - 0x000007fef2a52000 	C:\Windows\system32\quartz.dll
0x000007fefc8f0000 - 0x000007fefc8f7000 	C:\Windows\System32\wshtcpip.dll
0x000007fefcd70000 - 0x000007fefcdcb000 	C:\Windows\system32\DNSAPI.dll
0x000007fef91e0000 - 0x000007fef91e8000 	C:\Windows\system32\rasadhlp.dll
0x000007fefad60000 - 0x000007fefadb3000 	C:\Windows\System32\fwpuclnt.dll
0x000007fef27b0000 - 0x000007fef2892000 	C:\Windows\system32\d2d1.dll
0x000007fef8920000 - 0x000007fef8954000 	C:\Windows\system32\d3d10_1.dll
0x000007fef88c0000 - 0x000007fef8915000 	C:\Windows\system32\d3d10_1core.dll
0x000007fef8810000 - 0x000007fef88b7000 	C:\Windows\system32\dxgi.dll
0x000007fef1250000 - 0x000007fef1420000 	C:\Windows\system32\D3D10Warp.dll

VM Arguments:
jvm_args: -Dfile.encoding=UTF-8 -agentpath:C:/Program Files/NetBeans 8.1/profiler/lib/deployed/jdk16/windows-amd64/profilerinterface.dll=C:\Program Files\NetBeans 8.1\profiler\lib,5140,10 -XX:+HeapDumpOnOutOfMemoryError -XX:HeapDumpPath=E:\PROGRAMACIÓN\BearGame\nbproject\private\profiler 
java_command: E:\PROGRAMACIÓN\BearGame\dist\run91076483\BearGame.jar
java_class_path (initial): E:\PROGRAMACIÓN\BearGame\dist\run91076483\BearGame.jar
Launcher Type: SUN_STANDARD

Environment Variables:
PATH=C:\ProgramData\Oracle\Java\javapath;C:\Program Files (x86)\Intel\iCLS Client\;C:\Program Files\Intel\iCLS Client\;C:\Windows\system32;C:\Windows;C:\Windows\System32\Wbem;C:\Windows\System32\WindowsPowerShell\v1.0\;C:\Program Files\Intel\Intel(R) Management Engine Components\DAL;C:\Program Files\Intel\Intel(R) Management Engine Components\IPT;C:\Program Files (x86)\Intel\Intel(R) Management Engine Components\DAL;C:\Program Files (x86)\Intel\Intel(R) Management Engine Components\IPT;C:\Program Files\Java\jdk1.8.0_66\bin
USERNAME=DAW13
OS=Windows_NT
PROCESSOR_IDENTIFIER=Intel64 Family 6 Model 60 Stepping 3, GenuineIntel



---------------  S Y S T E M  ---------------

OS: Windows 7 , 64 bit Build 7601 (6.1.7601.17651)

CPU:total 2 (2 cores per cpu, 1 threads per core) family 6 model 60 stepping 3, cmov, cx8, fxsr, mmx, sse, sse2, sse3, ssse3, sse4.1, sse4.2, popcnt, clmul, erms, lzcnt, tsc, tscinvbit

Memory: 4k page, physical 4083576k(716432k free), swap 8165304k(3816260k free)

vm_info: Java HotSpot(TM) 64-Bit Server VM (25.66-b18) for windows-amd64 JRE (1.8.0_66-b18), built on Nov  9 2015 10:51:13 by "java_re" with MS VC++ 10.0 (VS2010)

time: Mon May 16 10:27:57 2016
elapsed time: 7 seconds (0d 0h 0m 7s)

